-------------------------------------------------------------------------------
Test set: br.com.example.MeuProjetoApplicationTests
-------------------------------------------------------------------------------
Tests run: 1, Failures: 0, Errors: 1, Skipped: 0, Time elapsed: 3.727 s <<< FAILURE! - in br.com.example.MeuProjetoApplicationTests
contextLoads  Time elapsed: 0.001 s  <<< ERROR!
java.lang.IllegalStateException: Failed to load ApplicationContext
Caused by: org.springframework.beans.factory.UnsatisfiedDependencyException: Error creating bean with name 'municipioController': Unsatisfied dependency expressed through field 'repository'; nested exception is org.springframework.beans.factory.BeanCreationException: Error creating bean with name 'municipioRepository' defined in br.com.example.repository.MunicipioRepository defined in @EnableJpaRepositories declared on JpaRepositoriesRegistrar.EnableJpaRepositoriesConfiguration: Invocation of init method failed; nested exception is org.springframework.data.repository.query.QueryCreationException: Could not create query for public abstract java.util.List br.com.example.repository.MunicipioRepository.listarMunicipiosPorSigla(java.lang.String); Reason: Validation failed for query for method public abstract java.util.List br.com.example.repository.MunicipioRepository.listarMunicipiosPorSigla(java.lang.String)!; nested exception is java.lang.IllegalArgumentException: Validation failed for query for method public abstract java.util.List br.com.example.repository.MunicipioRepository.listarMunicipiosPorSigla(java.lang.String)!
Caused by: org.springframework.beans.factory.BeanCreationException: Error creating bean with name 'municipioRepository' defined in br.com.example.repository.MunicipioRepository defined in @EnableJpaRepositories declared on JpaRepositoriesRegistrar.EnableJpaRepositoriesConfiguration: Invocation of init method failed; nested exception is org.springframework.data.repository.query.QueryCreationException: Could not create query for public abstract java.util.List br.com.example.repository.MunicipioRepository.listarMunicipiosPorSigla(java.lang.String); Reason: Validation failed for query for method public abstract java.util.List br.com.example.repository.MunicipioRepository.listarMunicipiosPorSigla(java.lang.String)!; nested exception is java.lang.IllegalArgumentException: Validation failed for query for method public abstract java.util.List br.com.example.repository.MunicipioRepository.listarMunicipiosPorSigla(java.lang.String)!
Caused by: org.springframework.data.repository.query.QueryCreationException: Could not create query for public abstract java.util.List br.com.example.repository.MunicipioRepository.listarMunicipiosPorSigla(java.lang.String); Reason: Validation failed for query for method public abstract java.util.List br.com.example.repository.MunicipioRepository.listarMunicipiosPorSigla(java.lang.String)!; nested exception is java.lang.IllegalArgumentException: Validation failed for query for method public abstract java.util.List br.com.example.repository.MunicipioRepository.listarMunicipiosPorSigla(java.lang.String)!
Caused by: java.lang.IllegalArgumentException: Validation failed for query for method public abstract java.util.List br.com.example.repository.MunicipioRepository.listarMunicipiosPorSigla(java.lang.String)!
Caused by: java.lang.IllegalArgumentException: org.hibernate.hql.internal.ast.QuerySyntaxException: RegiaoDelimitada is not mapped [select new br.com.example.model.MunicipioVO(m.codigo, m.nome) from br.com.example.model.Municipio m, RegiaoDelimitada r where within(m.geometria, r.geometria) = true and r.sigla = :sigla]
Caused by: org.hibernate.hql.internal.ast.QuerySyntaxException: RegiaoDelimitada is not mapped [select new br.com.example.model.MunicipioVO(m.codigo, m.nome) from br.com.example.model.Municipio m, RegiaoDelimitada r where within(m.geometria, r.geometria) = true and r.sigla = :sigla]
Caused by: org.hibernate.hql.internal.ast.QuerySyntaxException: RegiaoDelimitada is not mapped

